\BOOKMARK [0][-]{chapter.1}{\376\377\000S\000o\000l\000a\000r\000\040\000F\000a\000r\000m\000\040\000C\000a\000l\000c\000u\000l\000a\000t\000o\000r}{}% 1
\BOOKMARK [0][-]{chapter.2}{\376\377\000H\000i\000e\000r\000a\000r\000c\000h\000i\000c\000a\000l\000\040\000I\000n\000d\000e\000x}{}% 2
\BOOKMARK [1][-]{section.2.1}{\376\377\000C\000l\000a\000s\000s\000\040\000H\000i\000e\000r\000a\000r\000c\000h\000y}{chapter.2}% 3
\BOOKMARK [0][-]{chapter.3}{\376\377\000C\000l\000a\000s\000s\000\040\000I\000n\000d\000e\000x}{}% 4
\BOOKMARK [1][-]{section.3.1}{\376\377\000C\000l\000a\000s\000s\000\040\000L\000i\000s\000t}{chapter.3}% 5
\BOOKMARK [0][-]{chapter.4}{\376\377\000C\000l\000a\000s\000s\000\040\000D\000o\000c\000u\000m\000e\000n\000t\000a\000t\000i\000o\000n}{}% 6
\BOOKMARK [1][-]{section.4.1}{\376\377\000S\000o\000l\000a\000r\000C\000a\000l\000c\000u\000l\000a\000t\000o\000r\000.\000A\000s\000s\000e\000t\000s\000.\000A\000C\0001\000C\000a\000b\000l\000e\000\040\000C\000l\000a\000s\000s\000\040\000R\000e\000f\000e\000r\000e\000n\000c\000e}{chapter.4}% 7
\BOOKMARK [2][-]{subsection.4.1.1}{\376\377\000D\000e\000t\000a\000i\000l\000e\000d\000\040\000D\000e\000s\000c\000r\000i\000p\000t\000i\000o\000n}{section.4.1}% 8
\BOOKMARK [2][-]{subsection.4.1.2}{\376\377\000C\000o\000n\000s\000t\000r\000u\000c\000t\000o\000r\000\040\000\046\000\040\000D\000e\000s\000t\000r\000u\000c\000t\000o\000r\000\040\000D\000o\000c\000u\000m\000e\000n\000t\000a\000t\000i\000o\000n}{section.4.1}% 9
\BOOKMARK [3][-]{subsubsection.4.1.2.1}{\376\377\000\137\000\137\000i\000n\000i\000t\000\137\000\137}{subsection.4.1.2}% 10
\BOOKMARK [2][-]{subsection.4.1.3}{\376\377\000M\000e\000m\000b\000e\000r\000\040\000F\000u\000n\000c\000t\000i\000o\000n\000\040\000D\000o\000c\000u\000m\000e\000n\000t\000a\000t\000i\000o\000n}{section.4.1}% 11
\BOOKMARK [3][-]{subsubsection.4.1.3.1}{\376\377\000g\000e\000t\000D\000i\000a\000m\000e\000t\000e\000r}{subsection.4.1.3}% 12
\BOOKMARK [3][-]{subsubsection.4.1.3.2}{\376\377\000g\000e\000t\000L\000e\000n\000g\000t\000h}{subsection.4.1.3}% 13
\BOOKMARK [3][-]{subsubsection.4.1.3.3}{\376\377\000g\000e\000t\000M\000a\000t\000e\000r\000i\000a\000l}{subsection.4.1.3}% 14
\BOOKMARK [3][-]{subsubsection.4.1.3.4}{\376\377\000g\000e\000t\000S\000t\000r\000a\000n\000d\000N\000u\000m}{subsection.4.1.3}% 15
\BOOKMARK [1][-]{section.4.2}{\376\377\000S\000o\000l\000a\000r\000C\000a\000l\000c\000u\000l\000a\000t\000o\000r\000.\000A\000s\000s\000e\000t\000s\000.\000A\000C\0002\000C\000a\000b\000l\000e\000\040\000C\000l\000a\000s\000s\000\040\000R\000e\000f\000e\000r\000e\000n\000c\000e}{chapter.4}% 16
\BOOKMARK [2][-]{subsection.4.2.1}{\376\377\000D\000e\000t\000a\000i\000l\000e\000d\000\040\000D\000e\000s\000c\000r\000i\000p\000t\000i\000o\000n}{section.4.2}% 17
\BOOKMARK [2][-]{subsection.4.2.2}{\376\377\000C\000o\000n\000s\000t\000r\000u\000c\000t\000o\000r\000\040\000\046\000\040\000D\000e\000s\000t\000r\000u\000c\000t\000o\000r\000\040\000D\000o\000c\000u\000m\000e\000n\000t\000a\000t\000i\000o\000n}{section.4.2}% 18
\BOOKMARK [3][-]{subsubsection.4.2.2.1}{\376\377\000\137\000\137\000i\000n\000i\000t\000\137\000\137}{subsection.4.2.2}% 19
\BOOKMARK [2][-]{subsection.4.2.3}{\376\377\000M\000e\000m\000b\000e\000r\000\040\000F\000u\000n\000c\000t\000i\000o\000n\000\040\000D\000o\000c\000u\000m\000e\000n\000t\000a\000t\000i\000o\000n}{section.4.2}% 20
\BOOKMARK [3][-]{subsubsection.4.2.3.1}{\376\377\000g\000e\000t\000D\000i\000a\000m\000e\000t\000e\000r}{subsection.4.2.3}% 21
\BOOKMARK [3][-]{subsubsection.4.2.3.2}{\376\377\000g\000e\000t\000L\000e\000n\000g\000t\000h}{subsection.4.2.3}% 22
\BOOKMARK [3][-]{subsubsection.4.2.3.3}{\376\377\000g\000e\000t\000M\000a\000t\000e\000r\000i\000a\000l}{subsection.4.2.3}% 23
\BOOKMARK [3][-]{subsubsection.4.2.3.4}{\376\377\000g\000e\000t\000S\000t\000r\000a\000n\000d\000N\000u\000m}{subsection.4.2.3}% 24
\BOOKMARK [1][-]{section.4.3}{\376\377\000S\000o\000l\000a\000r\000C\000a\000l\000c\000u\000l\000a\000t\000o\000r\000.\000U\000t\000i\000l\000s\000.\000P\000y\000E\000x\000c\000h\000a\000n\000g\000e\000R\000a\000t\000e\000s\000.\000A\000c\000c\000e\000s\000s\000D\000a\000t\000a\000F\000a\000i\000l\000u\000r\000e\000\040\000C\000l\000a\000s\000s\000\040\000R\000e\000f\000e\000r\000e\000n\000c\000e}{chapter.4}% 25
\BOOKMARK [2][-]{subsection.4.3.1}{\376\377\000D\000e\000t\000a\000i\000l\000e\000d\000\040\000D\000e\000s\000c\000r\000i\000p\000t\000i\000o\000n}{section.4.3}% 26
\BOOKMARK [1][-]{section.4.4}{\376\377\000S\000o\000l\000a\000r\000C\000a\000l\000c\000u\000l\000a\000t\000o\000r\000.\000G\000U\000I\000.\000A\000p\000p\000l\000i\000c\000a\000t\000i\000o\000n\000F\000r\000a\000m\000e\000\040\000C\000l\000a\000s\000s\000\040\000R\000e\000f\000e\000r\000e\000n\000c\000e}{chapter.4}% 27
\BOOKMARK [2][-]{subsection.4.4.1}{\376\377\000D\000e\000t\000a\000i\000l\000e\000d\000\040\000D\000e\000s\000c\000r\000i\000p\000t\000i\000o\000n}{section.4.4}% 28
\BOOKMARK [1][-]{section.4.5}{\376\377\000S\000o\000l\000a\000r\000C\000a\000l\000c\000u\000l\000a\000t\000o\000r\000.\000A\000s\000s\000e\000t\000s\000.\000A\000s\000s\000e\000t\000\040\000C\000l\000a\000s\000s\000\040\000R\000e\000f\000e\000r\000e\000n\000c\000e}{chapter.4}% 29
\BOOKMARK [2][-]{subsection.4.5.1}{\376\377\000D\000e\000t\000a\000i\000l\000e\000d\000\040\000D\000e\000s\000c\000r\000i\000p\000t\000i\000o\000n}{section.4.5}% 30
\BOOKMARK [2][-]{subsection.4.5.2}{\376\377\000C\000o\000n\000s\000t\000r\000u\000c\000t\000o\000r\000\040\000\046\000\040\000D\000e\000s\000t\000r\000u\000c\000t\000o\000r\000\040\000D\000o\000c\000u\000m\000e\000n\000t\000a\000t\000i\000o\000n}{section.4.5}% 31
\BOOKMARK [3][-]{subsubsection.4.5.2.1}{\376\377\000\137\000\137\000i\000n\000i\000t\000\137\000\137}{subsection.4.5.2}% 32
\BOOKMARK [2][-]{subsection.4.5.3}{\376\377\000M\000e\000m\000b\000e\000r\000\040\000F\000u\000n\000c\000t\000i\000o\000n\000\040\000D\000o\000c\000u\000m\000e\000n\000t\000a\000t\000i\000o\000n}{section.4.5}% 33
\BOOKMARK [3][-]{subsubsection.4.5.3.1}{\376\377\000g\000e\000t\000C\000o\000s\000t}{subsection.4.5.3}% 34
\BOOKMARK [3][-]{subsubsection.4.5.3.2}{\376\377\000g\000e\000t\000C\000u\000r\000r\000e\000n\000c\000y}{subsection.4.5.3}% 35
\BOOKMARK [3][-]{subsubsection.4.5.3.3}{\376\377\000g\000e\000t\000D\000e\000p\000R\000a\000t\000e}{subsection.4.5.3}% 36
\BOOKMARK [3][-]{subsubsection.4.5.3.4}{\376\377\000g\000e\000t\000D\000e\000p\000r\000e\000c\000i\000a\000t\000e\000d\000V\000a\000l\000u\000e}{subsection.4.5.3}% 37
\BOOKMARK [1][-]{section.4.6}{\376\377\000S\000o\000l\000a\000r\000C\000a\000l\000c\000u\000l\000a\000t\000o\000r\000.\000U\000t\000i\000l\000s\000.\000P\000y\000E\000x\000c\000h\000a\000n\000g\000e\000R\000a\000t\000e\000s\000.\000B\000a\000d\000A\000p\000p\000I\000D\000\040\000C\000l\000a\000s\000s\000\040\000R\000e\000f\000e\000r\000e\000n\000c\000e}{chapter.4}% 38
\BOOKMARK [2][-]{subsection.4.6.1}{\376\377\000D\000e\000t\000a\000i\000l\000e\000d\000\040\000D\000e\000s\000c\000r\000i\000p\000t\000i\000o\000n}{section.4.6}% 39
\BOOKMARK [1][-]{section.4.7}{\376\377\000S\000o\000l\000a\000r\000C\000a\000l\000c\000u\000l\000a\000t\000o\000r\000.\000A\000s\000s\000e\000t\000s\000.\000C\000i\000r\000c\000u\000i\000t\000B\000r\000e\000a\000k\000e\000r\000\040\000C\000l\000a\000s\000s\000\040\000R\000e\000f\000e\000r\000e\000n\000c\000e}{chapter.4}% 40
\BOOKMARK [2][-]{subsection.4.7.1}{\376\377\000D\000e\000t\000a\000i\000l\000e\000d\000\040\000D\000e\000s\000c\000r\000i\000p\000t\000i\000o\000n}{section.4.7}% 41
\BOOKMARK [2][-]{subsection.4.7.2}{\376\377\000C\000o\000n\000s\000t\000r\000u\000c\000t\000o\000r\000\040\000\046\000\040\000D\000e\000s\000t\000r\000u\000c\000t\000o\000r\000\040\000D\000o\000c\000u\000m\000e\000n\000t\000a\000t\000i\000o\000n}{section.4.7}% 42
\BOOKMARK [3][-]{subsubsection.4.7.2.1}{\376\377\000\137\000\137\000i\000n\000i\000t\000\137\000\137}{subsection.4.7.2}% 43
\BOOKMARK [1][-]{section.4.8}{\376\377\000S\000o\000l\000a\000r\000C\000a\000l\000c\000u\000l\000a\000t\000o\000r\000.\000U\000t\000i\000l\000s\000.\000R\000e\000v\000e\000r\000s\000e\000G\000e\000o\000c\000o\000d\000e\000.\000C\000o\000u\000n\000t\000r\000y\000N\000o\000t\000F\000o\000u\000n\000d\000\040\000C\000l\000a\000s\000s\000\040\000R\000e\000f\000e\000r\000e\000n\000c\000e}{chapter.4}% 44
\BOOKMARK [2][-]{subsection.4.8.1}{\376\377\000D\000e\000t\000a\000i\000l\000e\000d\000\040\000D\000e\000s\000c\000r\000i\000p\000t\000i\000o\000n}{section.4.8}% 45
\BOOKMARK [1][-]{section.4.9}{\376\377\000S\000o\000l\000a\000r\000C\000a\000l\000c\000u\000l\000a\000t\000o\000r\000.\000U\000t\000i\000l\000s\000.\000P\000y\000E\000x\000c\000h\000a\000n\000g\000e\000R\000a\000t\000e\000s\000.\000C\000u\000r\000r\000e\000n\000c\000y\000\040\000C\000l\000a\000s\000s\000\040\000R\000e\000f\000e\000r\000e\000n\000c\000e}{chapter.4}% 46
\BOOKMARK [2][-]{subsection.4.9.1}{\376\377\000D\000e\000t\000a\000i\000l\000e\000d\000\040\000D\000e\000s\000c\000r\000i\000p\000t\000i\000o\000n}{section.4.9}% 47
\BOOKMARK [2][-]{subsection.4.9.2}{\376\377\000C\000o\000n\000s\000t\000r\000u\000c\000t\000o\000r\000\040\000\046\000\040\000D\000e\000s\000t\000r\000u\000c\000t\000o\000r\000\040\000D\000o\000c\000u\000m\000e\000n\000t\000a\000t\000i\000o\000n}{section.4.9}% 48
\BOOKMARK [3][-]{subsubsection.4.9.2.1}{\376\377\000\137\000\137\000i\000n\000i\000t\000\137\000\137}{subsection.4.9.2}% 49
\BOOKMARK [1][-]{section.4.10}{\376\377\000S\000o\000l\000a\000r\000C\000a\000l\000c\000u\000l\000a\000t\000o\000r\000.\000G\000U\000I\000.\000D\000a\000t\000e\000E\000r\000r\000o\000r\000\040\000C\000l\000a\000s\000s\000\040\000R\000e\000f\000e\000r\000e\000n\000c\000e}{chapter.4}% 50
\BOOKMARK [2][-]{subsection.4.10.1}{\376\377\000D\000e\000t\000a\000i\000l\000e\000d\000\040\000D\000e\000s\000c\000r\000i\000p\000t\000i\000o\000n}{section.4.10}% 51
\BOOKMARK [1][-]{section.4.11}{\376\377\000S\000o\000l\000a\000r\000C\000a\000l\000c\000u\000l\000a\000t\000o\000r\000.\000A\000s\000s\000e\000t\000s\000.\000D\000C\000C\000a\000b\000l\000e\000\040\000C\000l\000a\000s\000s\000\040\000R\000e\000f\000e\000r\000e\000n\000c\000e}{chapter.4}% 52
\BOOKMARK [2][-]{subsection.4.11.1}{\376\377\000D\000e\000t\000a\000i\000l\000e\000d\000\040\000D\000e\000s\000c\000r\000i\000p\000t\000i\000o\000n}{section.4.11}% 53
\BOOKMARK [2][-]{subsection.4.11.2}{\376\377\000C\000o\000n\000s\000t\000r\000u\000c\000t\000o\000r\000\040\000\046\000\040\000D\000e\000s\000t\000r\000u\000c\000t\000o\000r\000\040\000D\000o\000c\000u\000m\000e\000n\000t\000a\000t\000i\000o\000n}{section.4.11}% 54
\BOOKMARK [3][-]{subsubsection.4.11.2.1}{\376\377\000\137\000\137\000i\000n\000i\000t\000\137\000\137}{subsection.4.11.2}% 55
\BOOKMARK [2][-]{subsection.4.11.3}{\376\377\000M\000e\000m\000b\000e\000r\000\040\000F\000u\000n\000c\000t\000i\000o\000n\000\040\000D\000o\000c\000u\000m\000e\000n\000t\000a\000t\000i\000o\000n}{section.4.11}% 56
\BOOKMARK [3][-]{subsubsection.4.11.3.1}{\376\377\000g\000e\000t\000D\000i\000a\000m\000e\000t\000e\000r}{subsection.4.11.3}% 57
\BOOKMARK [3][-]{subsubsection.4.11.3.2}{\376\377\000g\000e\000t\000L\000e\000n\000g\000t\000h}{subsection.4.11.3}% 58
\BOOKMARK [3][-]{subsubsection.4.11.3.3}{\376\377\000g\000e\000t\000M\000a\000t\000e\000r\000i\000a\000l}{subsection.4.11.3}% 59
\BOOKMARK [1][-]{section.4.12}{\376\377\000m\000a\000i\000n\000.\000D\000i\000a\000l\000o\000g\000B\000o\000x\000\137\000D\000a\000t\000e\000E\000r\000r\000o\000r\000\040\000C\000l\000a\000s\000s\000\040\000R\000e\000f\000e\000r\000e\000n\000c\000e}{chapter.4}% 60
\BOOKMARK [2][-]{subsection.4.12.1}{\376\377\000C\000o\000n\000s\000t\000r\000u\000c\000t\000o\000r\000\040\000\046\000\040\000D\000e\000s\000t\000r\000u\000c\000t\000o\000r\000\040\000D\000o\000c\000u\000m\000e\000n\000t\000a\000t\000i\000o\000n}{section.4.12}% 61
\BOOKMARK [3][-]{subsubsection.4.12.1.1}{\376\377\000\137\000\137\000i\000n\000i\000t\000\137\000\137}{subsection.4.12.1}% 62
\BOOKMARK [2][-]{subsection.4.12.2}{\376\377\000M\000e\000m\000b\000e\000r\000\040\000F\000u\000n\000c\000t\000i\000o\000n\000\040\000D\000o\000c\000u\000m\000e\000n\000t\000a\000t\000i\000o\000n}{section.4.12}% 63
\BOOKMARK [3][-]{subsubsection.4.12.2.1}{\376\377\000e\000v\000t\000\137\000d\000i\000a\000l\000o\000g\000O\000K\000\137\000c\000l\000i\000c\000k\000e\000d}{subsection.4.12.2}% 64
\BOOKMARK [1][-]{section.4.13}{\376\377\000m\000a\000i\000n\000.\000D\000i\000a\000l\000o\000g\000B\000o\000x\000\137\000F\000a\000t\000a\000l\000E\000r\000r\000o\000r\000\040\000C\000l\000a\000s\000s\000\040\000R\000e\000f\000e\000r\000e\000n\000c\000e}{chapter.4}% 65
\BOOKMARK [2][-]{subsection.4.13.1}{\376\377\000C\000o\000n\000s\000t\000r\000u\000c\000t\000o\000r\000\040\000\046\000\040\000D\000e\000s\000t\000r\000u\000c\000t\000o\000r\000\040\000D\000o\000c\000u\000m\000e\000n\000t\000a\000t\000i\000o\000n}{section.4.13}% 66
\BOOKMARK [3][-]{subsubsection.4.13.1.1}{\376\377\000\137\000\137\000i\000n\000i\000t\000\137\000\137}{subsection.4.13.1}% 67
\BOOKMARK [2][-]{subsection.4.13.2}{\376\377\000M\000e\000m\000b\000e\000r\000\040\000F\000u\000n\000c\000t\000i\000o\000n\000\040\000D\000o\000c\000u\000m\000e\000n\000t\000a\000t\000i\000o\000n}{section.4.13}% 68
\BOOKMARK [3][-]{subsubsection.4.13.2.1}{\376\377\000e\000v\000t\000\137\000d\000i\000a\000l\000o\000g\000C\000l\000o\000s\000e\000P\000r\000o\000g\000r\000a\000m\000\137\000c\000l\000i\000c\000k\000e\000d}{subsection.4.13.2}% 69
\BOOKMARK [1][-]{section.4.14}{\376\377\000m\000a\000i\000n\000.\000D\000i\000a\000l\000o\000g\000B\000o\000x\000\137\000G\000e\000o\000C\000o\000d\000e\000E\000r\000r\000o\000r\000\040\000C\000l\000a\000s\000s\000\040\000R\000e\000f\000e\000r\000e\000n\000c\000e}{chapter.4}% 70
\BOOKMARK [2][-]{subsection.4.14.1}{\376\377\000C\000o\000n\000s\000t\000r\000u\000c\000t\000o\000r\000\040\000\046\000\040\000D\000e\000s\000t\000r\000u\000c\000t\000o\000r\000\040\000D\000o\000c\000u\000m\000e\000n\000t\000a\000t\000i\000o\000n}{section.4.14}% 71
\BOOKMARK [3][-]{subsubsection.4.14.1.1}{\376\377\000\137\000\137\000i\000n\000i\000t\000\137\000\137}{subsection.4.14.1}% 72
\BOOKMARK [2][-]{subsection.4.14.2}{\376\377\000M\000e\000m\000b\000e\000r\000\040\000F\000u\000n\000c\000t\000i\000o\000n\000\040\000D\000o\000c\000u\000m\000e\000n\000t\000a\000t\000i\000o\000n}{section.4.14}% 73
\BOOKMARK [3][-]{subsubsection.4.14.2.1}{\376\377\000e\000v\000t\000\137\000d\000i\000a\000l\000o\000g\000O\000K\000\137\000c\000l\000i\000c\000k\000e\000d}{subsection.4.14.2}% 74
\BOOKMARK [1][-]{section.4.15}{\376\377\000m\000a\000i\000n\000.\000D\000i\000a\000l\000o\000g\000B\000o\000x\000\137\000I\000n\000c\000o\000m\000p\000l\000e\000t\000e\000F\000o\000r\000m\000\040\000C\000l\000a\000s\000s\000\040\000R\000e\000f\000e\000r\000e\000n\000c\000e}{chapter.4}% 75
\BOOKMARK [2][-]{subsection.4.15.1}{\376\377\000C\000o\000n\000s\000t\000r\000u\000c\000t\000o\000r\000\040\000\046\000\040\000D\000e\000s\000t\000r\000u\000c\000t\000o\000r\000\040\000D\000o\000c\000u\000m\000e\000n\000t\000a\000t\000i\000o\000n}{section.4.15}% 76
\BOOKMARK [3][-]{subsubsection.4.15.1.1}{\376\377\000\137\000\137\000i\000n\000i\000t\000\137\000\137}{subsection.4.15.1}% 77
\BOOKMARK [2][-]{subsection.4.15.2}{\376\377\000M\000e\000m\000b\000e\000r\000\040\000F\000u\000n\000c\000t\000i\000o\000n\000\040\000D\000o\000c\000u\000m\000e\000n\000t\000a\000t\000i\000o\000n}{section.4.15}% 78
\BOOKMARK [3][-]{subsubsection.4.15.2.1}{\376\377\000e\000v\000t\000\137\000d\000i\000a\000l\000o\000g\000O\000K\000\137\000c\000l\000i\000c\000k\000e\000d}{subsection.4.15.2}% 79
\BOOKMARK [1][-]{section.4.16}{\376\377\000m\000a\000i\000n\000.\000D\000i\000a\000l\000o\000g\000B\000o\000x\000\137\000N\000o\000I\000n\000t\000e\000r\000n\000e\000t\000\040\000C\000l\000a\000s\000s\000\040\000R\000e\000f\000e\000r\000e\000n\000c\000e}{chapter.4}% 80
\BOOKMARK [2][-]{subsection.4.16.1}{\376\377\000C\000o\000n\000s\000t\000r\000u\000c\000t\000o\000r\000\040\000\046\000\040\000D\000e\000s\000t\000r\000u\000c\000t\000o\000r\000\040\000D\000o\000c\000u\000m\000e\000n\000t\000a\000t\000i\000o\000n}{section.4.16}% 81
\BOOKMARK [3][-]{subsubsection.4.16.1.1}{\376\377\000\137\000\137\000i\000n\000i\000t\000\137\000\137}{subsection.4.16.1}% 82
\BOOKMARK [2][-]{subsection.4.16.2}{\376\377\000M\000e\000m\000b\000e\000r\000\040\000F\000u\000n\000c\000t\000i\000o\000n\000\040\000D\000o\000c\000u\000m\000e\000n\000t\000a\000t\000i\000o\000n}{section.4.16}% 83
\BOOKMARK [3][-]{subsubsection.4.16.2.1}{\376\377\000e\000v\000t\000\137\000d\000i\000a\000l\000o\000g\000O\000K\000\137\000c\000l\000i\000c\000k\000e\000d}{subsection.4.16.2}% 84
\BOOKMARK [1][-]{section.4.17}{\376\377\000m\000a\000i\000n\000.\000D\000i\000a\000l\000o\000g\000B\000o\000x\000\137\000P\000r\000o\000g\000r\000e\000s\000s\000D\000i\000a\000l\000o\000g\000\040\000C\000l\000a\000s\000s\000\040\000R\000e\000f\000e\000r\000e\000n\000c\000e}{chapter.4}% 85
\BOOKMARK [2][-]{subsection.4.17.1}{\376\377\000C\000o\000n\000s\000t\000r\000u\000c\000t\000o\000r\000\040\000\046\000\040\000D\000e\000s\000t\000r\000u\000c\000t\000o\000r\000\040\000D\000o\000c\000u\000m\000e\000n\000t\000a\000t\000i\000o\000n}{section.4.17}% 86
\BOOKMARK [3][-]{subsubsection.4.17.1.1}{\376\377\000\137\000\137\000i\000n\000i\000t\000\137\000\137}{subsection.4.17.1}% 87
\BOOKMARK [2][-]{subsection.4.17.2}{\376\377\000M\000e\000m\000b\000e\000r\000\040\000F\000u\000n\000c\000t\000i\000o\000n\000\040\000D\000o\000c\000u\000m\000e\000n\000t\000a\000t\000i\000o\000n}{section.4.17}% 88
\BOOKMARK [3][-]{subsubsection.4.17.2.1}{\376\377\000c\000l\000o\000s\000e\000D\000i\000a\000l\000o\000g}{subsection.4.17.2}% 89
\BOOKMARK [3][-]{subsubsection.4.17.2.2}{\376\377\000u\000p\000d\000a\000t\000e}{subsection.4.17.2}% 90
\BOOKMARK [1][-]{section.4.18}{\376\377\000m\000a\000i\000n\000.\000D\000i\000a\000l\000o\000g\000B\000o\000x\000\137\000S\000i\000m\000u\000l\000a\000t\000i\000o\000n\000R\000e\000s\000u\000l\000t\000s\000\040\000C\000l\000a\000s\000s\000\040\000R\000e\000f\000e\000r\000e\000n\000c\000e}{chapter.4}% 91
\BOOKMARK [2][-]{subsection.4.18.1}{\376\377\000C\000o\000n\000s\000t\000r\000u\000c\000t\000o\000r\000\040\000\046\000\040\000D\000e\000s\000t\000r\000u\000c\000t\000o\000r\000\040\000D\000o\000c\000u\000m\000e\000n\000t\000a\000t\000i\000o\000n}{section.4.18}% 92
\BOOKMARK [3][-]{subsubsection.4.18.1.1}{\376\377\000\137\000\137\000i\000n\000i\000t\000\137\000\137}{subsection.4.18.1}% 93
\BOOKMARK [2][-]{subsection.4.18.2}{\376\377\000M\000e\000m\000b\000e\000r\000\040\000F\000u\000n\000c\000t\000i\000o\000n\000\040\000D\000o\000c\000u\000m\000e\000n\000t\000a\000t\000i\000o\000n}{section.4.18}% 94
\BOOKMARK [3][-]{subsubsection.4.18.2.1}{\376\377\000e\000v\000t\000\137\000d\000i\000a\000l\000o\000g\000O\000K\000\137\000c\000l\000i\000c\000k\000e\000d}{subsection.4.18.2}% 95
\BOOKMARK [1][-]{section.4.19}{\376\377\000S\000o\000l\000a\000r\000C\000a\000l\000c\000u\000l\000a\000t\000o\000r\000.\000U\000t\000i\000l\000s\000.\000P\000y\000E\000x\000c\000h\000a\000n\000g\000e\000R\000a\000t\000e\000s\000.\000E\000x\000c\000h\000a\000n\000g\000e\000\040\000C\000l\000a\000s\000s\000\040\000R\000e\000f\000e\000r\000e\000n\000c\000e}{chapter.4}% 96
\BOOKMARK [2][-]{subsection.4.19.1}{\376\377\000D\000e\000t\000a\000i\000l\000e\000d\000\040\000D\000e\000s\000c\000r\000i\000p\000t\000i\000o\000n}{section.4.19}% 97
\BOOKMARK [2][-]{subsection.4.19.2}{\376\377\000M\000e\000m\000b\000e\000r\000\040\000F\000u\000n\000c\000t\000i\000o\000n\000\040\000D\000o\000c\000u\000m\000e\000n\000t\000a\000t\000i\000o\000n}{section.4.19}% 98
\BOOKMARK [3][-]{subsubsection.4.19.2.1}{\376\377\000w\000i\000t\000h\000d\000r\000a\000w}{subsection.4.19.2}% 99
\BOOKMARK [1][-]{section.4.20}{\376\377\000S\000o\000l\000a\000r\000C\000a\000l\000c\000u\000l\000a\000t\000o\000r\000.\000G\000U\000I\000.\000F\000a\000t\000a\000l\000E\000r\000r\000o\000r\000\040\000C\000l\000a\000s\000s\000\040\000R\000e\000f\000e\000r\000e\000n\000c\000e}{chapter.4}% 100
\BOOKMARK [2][-]{subsection.4.20.1}{\376\377\000D\000e\000t\000a\000i\000l\000e\000d\000\040\000D\000e\000s\000c\000r\000i\000p\000t\000i\000o\000n}{section.4.20}% 101
\BOOKMARK [1][-]{section.4.21}{\376\377\000S\000o\000l\000a\000r\000C\000a\000l\000c\000u\000l\000a\000t\000o\000r\000.\000A\000s\000s\000e\000t\000s\000.\000F\000i\000n\000a\000n\000c\000i\000a\000l\000\040\000C\000l\000a\000s\000s\000\040\000R\000e\000f\000e\000r\000e\000n\000c\000e}{chapter.4}% 102
\BOOKMARK [2][-]{subsection.4.21.1}{\376\377\000D\000e\000t\000a\000i\000l\000e\000d\000\040\000D\000e\000s\000c\000r\000i\000p\000t\000i\000o\000n}{section.4.21}% 103
\BOOKMARK [2][-]{subsection.4.21.2}{\376\377\000C\000o\000n\000s\000t\000r\000u\000c\000t\000o\000r\000\040\000\046\000\040\000D\000e\000s\000t\000r\000u\000c\000t\000o\000r\000\040\000D\000o\000c\000u\000m\000e\000n\000t\000a\000t\000i\000o\000n}{section.4.21}% 104
\BOOKMARK [3][-]{subsubsection.4.21.2.1}{\376\377\000\137\000\137\000i\000n\000i\000t\000\137\000\137}{subsection.4.21.2}% 105
\BOOKMARK [2][-]{subsection.4.21.3}{\376\377\000M\000e\000m\000b\000e\000r\000\040\000F\000u\000n\000c\000t\000i\000o\000n\000\040\000D\000o\000c\000u\000m\000e\000n\000t\000a\000t\000i\000o\000n}{section.4.21}% 106
\BOOKMARK [3][-]{subsubsection.4.21.3.1}{\376\377\000a\000c\000c\000u\000m\000l\000a\000t\000e\000D\000a\000i\000l\000y\000I\000n\000t\000e\000r\000e\000s\000t}{subsection.4.21.3}% 107
\BOOKMARK [3][-]{subsubsection.4.21.3.2}{\376\377\000a\000d\000d\000T\000o\000L\000o\000a\000n}{subsection.4.21.3}% 108
\BOOKMARK [3][-]{subsubsection.4.21.3.3}{\376\377\000a\000m\000o\000u\000n\000t\000I\000n\000B\000a\000s\000e\000C\000u\000r\000r\000e\000n\000c\000y}{subsection.4.21.3}% 109
\BOOKMARK [3][-]{subsubsection.4.21.3.4}{\376\377\000g\000e\000t\000B\000a\000s\000e\000C\000u\000r\000r\000e\000n\000c\000y}{subsection.4.21.3}% 110
\BOOKMARK [3][-]{subsubsection.4.21.3.5}{\376\377\000g\000e\000t\000C\000u\000r\000r\000e\000n\000t\000L\000o\000a\000n\000V\000a\000l\000u\000e}{subsection.4.21.3}% 111
\BOOKMARK [3][-]{subsubsection.4.21.3.6}{\376\377\000g\000e\000t\000D\000a\000i\000l\000y\000M\000a\000i\000n\000t\000e\000n\000a\000n\000c\000e}{subsection.4.21.3}% 112
\BOOKMARK [3][-]{subsubsection.4.21.3.7}{\376\377\000g\000e\000t\000P\000o\000w\000e\000r\000P\000r\000i\000c\000e}{subsection.4.21.3}% 113
\BOOKMARK [3][-]{subsubsection.4.21.3.8}{\376\377\000m\000a\000k\000e\000L\000o\000a\000n\000P\000a\000y\000m\000e\000n\000t}{subsection.4.21.3}% 114
\BOOKMARK [1][-]{section.4.22}{\376\377\000S\000o\000l\000a\000r\000C\000a\000l\000c\000u\000l\000a\000t\000o\000r\000.\000G\000U\000I\000.\000G\000e\000o\000C\000o\000d\000e\000E\000r\000r\000o\000r\000\040\000C\000l\000a\000s\000s\000\040\000R\000e\000f\000e\000r\000e\000n\000c\000e}{chapter.4}% 115
\BOOKMARK [2][-]{subsection.4.22.1}{\376\377\000D\000e\000t\000a\000i\000l\000e\000d\000\040\000D\000e\000s\000c\000r\000i\000p\000t\000i\000o\000n}{section.4.22}% 116
\BOOKMARK [1][-]{section.4.23}{\376\377\000S\000o\000l\000a\000r\000C\000a\000l\000c\000u\000l\000a\000t\000o\000r\000.\000G\000U\000I\000.\000I\000n\000c\000o\000m\000p\000l\000e\000t\000e\000F\000o\000r\000m\000\040\000C\000l\000a\000s\000s\000\040\000R\000e\000f\000e\000r\000e\000n\000c\000e}{chapter.4}% 117
\BOOKMARK [2][-]{subsection.4.23.1}{\376\377\000D\000e\000t\000a\000i\000l\000e\000d\000\040\000D\000e\000s\000c\000r\000i\000p\000t\000i\000o\000n}{section.4.23}% 118
\BOOKMARK [1][-]{section.4.24}{\376\377\000m\000a\000i\000n\000.\000I\000n\000p\000u\000t\000F\000i\000e\000l\000d\000\040\000C\000l\000a\000s\000s\000\040\000R\000e\000f\000e\000r\000e\000n\000c\000e}{chapter.4}% 119
\BOOKMARK [2][-]{subsection.4.24.1}{\376\377\000D\000e\000t\000a\000i\000l\000e\000d\000\040\000D\000e\000s\000c\000r\000i\000p\000t\000i\000o\000n}{section.4.24}% 120
\BOOKMARK [2][-]{subsection.4.24.2}{\376\377\000M\000e\000m\000b\000e\000r\000\040\000F\000u\000n\000c\000t\000i\000o\000n\000\040\000D\000o\000c\000u\000m\000e\000n\000t\000a\000t\000i\000o\000n}{section.4.24}% 121
\BOOKMARK [3][-]{subsubsection.4.24.2.1}{\376\377\000s\000e\000t\000F\000i\000e\000l\000d\000V\000a\000l\000u\000e}{subsection.4.24.2}% 122
\BOOKMARK [3][-]{subsubsection.4.24.2.2}{\376\377\000s\000e\000t\000L\000a\000b\000e\000l\000C\000o\000l\000o\000u\000r}{subsection.4.24.2}% 123
\BOOKMARK [3][-]{subsubsection.4.24.2.3}{\376\377\000v\000a\000l\000i\000d\000a\000t\000e\000F\000i\000e\000l\000d}{subsection.4.24.2}% 124
\BOOKMARK [1][-]{section.4.25}{\376\377\000S\000o\000l\000a\000r\000C\000a\000l\000c\000u\000l\000a\000t\000o\000r\000.\000U\000t\000i\000l\000s\000.\000P\000y\000E\000x\000c\000h\000a\000n\000g\000e\000R\000a\000t\000e\000s\000.\000I\000n\000v\000a\000l\000i\000d\000C\000u\000r\000r\000e\000n\000c\000y\000K\000e\000y\000\040\000C\000l\000a\000s\000s\000\040\000R\000e\000f\000e\000r\000e\000n\000c\000e}{chapter.4}% 125
\BOOKMARK [2][-]{subsection.4.25.1}{\376\377\000D\000e\000t\000a\000i\000l\000e\000d\000\040\000D\000e\000s\000c\000r\000i\000p\000t\000i\000o\000n}{section.4.25}% 126
\BOOKMARK [1][-]{section.4.26}{\376\377\000S\000o\000l\000a\000r\000C\000a\000l\000c\000u\000l\000a\000t\000o\000r\000.\000A\000s\000s\000e\000t\000s\000.\000I\000n\000v\000e\000r\000t\000e\000r\000\040\000C\000l\000a\000s\000s\000\040\000R\000e\000f\000e\000r\000e\000n\000c\000e}{chapter.4}% 127
\BOOKMARK [2][-]{subsection.4.26.1}{\376\377\000D\000e\000t\000a\000i\000l\000e\000d\000\040\000D\000e\000s\000c\000r\000i\000p\000t\000i\000o\000n}{section.4.26}% 128
\BOOKMARK [2][-]{subsection.4.26.2}{\376\377\000C\000o\000n\000s\000t\000r\000u\000c\000t\000o\000r\000\040\000\046\000\040\000D\000e\000s\000t\000r\000u\000c\000t\000o\000r\000\040\000D\000o\000c\000u\000m\000e\000n\000t\000a\000t\000i\000o\000n}{section.4.26}% 129
\BOOKMARK [3][-]{subsubsection.4.26.2.1}{\376\377\000\137\000\137\000i\000n\000i\000t\000\137\000\137}{subsection.4.26.2}% 130
\BOOKMARK [2][-]{subsection.4.26.3}{\376\377\000M\000e\000m\000b\000e\000r\000\040\000F\000u\000n\000c\000t\000i\000o\000n\000\040\000D\000o\000c\000u\000m\000e\000n\000t\000a\000t\000i\000o\000n}{section.4.26}% 131
\BOOKMARK [3][-]{subsubsection.4.26.3.1}{\376\377\000g\000e\000t\000E\000f\000f\000i\000c\000i\000e\000n\000c\000y}{subsection.4.26.3}% 132
\BOOKMARK [3][-]{subsubsection.4.26.3.2}{\376\377\000g\000e\000t\000P\000o\000w\000e\000r\000F\000a\000c\000t\000o\000r}{subsection.4.26.3}% 133
\BOOKMARK [3][-]{subsubsection.4.26.3.3}{\376\377\000g\000e\000t\000V\000o\000l\000t\000a\000g\000e}{subsection.4.26.3}% 134
\BOOKMARK [1][-]{section.4.27}{\376\377\000S\000o\000l\000a\000r\000C\000a\000l\000c\000u\000l\000a\000t\000o\000r\000.\000A\000s\000s\000e\000t\000s\000.\000M\000a\000t\000e\000r\000i\000a\000l\000\040\000C\000l\000a\000s\000s\000\040\000R\000e\000f\000e\000r\000e\000n\000c\000e}{chapter.4}% 135
\BOOKMARK [2][-]{subsection.4.27.1}{\376\377\000D\000e\000t\000a\000i\000l\000e\000d\000\040\000D\000e\000s\000c\000r\000i\000p\000t\000i\000o\000n}{section.4.27}% 136
\BOOKMARK [2][-]{subsection.4.27.2}{\376\377\000C\000o\000n\000s\000t\000r\000u\000c\000t\000o\000r\000\040\000\046\000\040\000D\000e\000s\000t\000r\000u\000c\000t\000o\000r\000\040\000D\000o\000c\000u\000m\000e\000n\000t\000a\000t\000i\000o\000n}{section.4.27}% 137
\BOOKMARK [3][-]{subsubsection.4.27.2.1}{\376\377\000\137\000\137\000i\000n\000i\000t\000\137\000\137}{subsection.4.27.2}% 138
\BOOKMARK [2][-]{subsection.4.27.3}{\376\377\000M\000e\000m\000b\000e\000r\000\040\000F\000u\000n\000c\000t\000i\000o\000n\000\040\000D\000o\000c\000u\000m\000e\000n\000t\000a\000t\000i\000o\000n}{section.4.27}% 139
\BOOKMARK [3][-]{subsubsection.4.27.3.1}{\376\377\000g\000e\000t\000R\000e\000s\000i\000s\000t\000i\000v\000i\000t\000y}{subsection.4.27.3}% 140
\BOOKMARK [3][-]{subsubsection.4.27.3.2}{\376\377\000g\000e\000t\000T\000e\000m\000p\000C\000o\000e\000f\000f\000i\000c\000i\000e\000n\000t}{subsection.4.27.3}% 141
\BOOKMARK [1][-]{section.4.28}{\376\377\000S\000o\000l\000a\000r\000C\000a\000l\000c\000u\000l\000a\000t\000o\000r\000.\000U\000t\000i\000l\000s\000.\000P\000y\000E\000x\000c\000h\000a\000n\000g\000e\000R\000a\000t\000e\000s\000.\000M\000o\000n\000e\000y\000\040\000C\000l\000a\000s\000s\000\040\000R\000e\000f\000e\000r\000e\000n\000c\000e}{chapter.4}% 142
\BOOKMARK [2][-]{subsection.4.28.1}{\376\377\000D\000e\000t\000a\000i\000l\000e\000d\000\040\000D\000e\000s\000c\000r\000i\000p\000t\000i\000o\000n}{section.4.28}% 143
\BOOKMARK [2][-]{subsection.4.28.2}{\376\377\000M\000e\000m\000b\000e\000r\000\040\000F\000u\000n\000c\000t\000i\000o\000n\000\040\000D\000o\000c\000u\000m\000e\000n\000t\000a\000t\000i\000o\000n}{section.4.28}% 144
\BOOKMARK [3][-]{subsubsection.4.28.2.1}{\376\377\000\137\000\137\000a\000d\000d\000\137\000\137}{subsection.4.28.2}% 145
\BOOKMARK [3][-]{subsubsection.4.28.2.2}{\376\377\000\137\000\137\000d\000i\000v\000\137\000\137}{subsection.4.28.2}% 146
\BOOKMARK [3][-]{subsubsection.4.28.2.3}{\376\377\000\137\000\137\000m\000u\000l\000\137\000\137}{subsection.4.28.2}% 147
\BOOKMARK [3][-]{subsubsection.4.28.2.4}{\376\377\000\137\000\137\000s\000t\000r\000\137\000\137}{subsection.4.28.2}% 148
\BOOKMARK [3][-]{subsubsection.4.28.2.5}{\376\377\000\137\000\137\000s\000u\000b\000\137\000\137}{subsection.4.28.2}% 149
\BOOKMARK [3][-]{subsubsection.4.28.2.6}{\376\377\000c\000o\000n\000v\000e\000r\000t}{subsection.4.28.2}% 150
\BOOKMARK [3][-]{subsubsection.4.28.2.7}{\376\377\000g\000e\000t\000A\000m\000o\000u\000n\000t}{subsection.4.28.2}% 151
\BOOKMARK [3][-]{subsubsection.4.28.2.8}{\376\377\000g\000e\000t\000C\000u\000r\000r\000e\000n\000c\000y\000K\000e\000y}{subsection.4.28.2}% 152
\BOOKMARK [3][-]{subsubsection.4.28.2.9}{\376\377\000g\000e\000t\000E\000x\000c\000h\000a\000n\000g\000e}{subsection.4.28.2}% 153
\BOOKMARK [3][-]{subsubsection.4.28.2.10}{\376\377\000s\000e\000t\000A\000m\000o\000u\000n\000t}{subsection.4.28.2}% 154
\BOOKMARK [1][-]{section.4.29}{\376\377\000S\000o\000l\000a\000r\000C\000a\000l\000c\000u\000l\000a\000t\000o\000r\000.\000G\000U\000I\000.\000N\000o\000I\000n\000t\000e\000r\000n\000e\000t\000\040\000C\000l\000a\000s\000s\000\040\000R\000e\000f\000e\000r\000e\000n\000c\000e}{chapter.4}% 155
\BOOKMARK [2][-]{subsection.4.29.1}{\376\377\000D\000e\000t\000a\000i\000l\000e\000d\000\040\000D\000e\000s\000c\000r\000i\000p\000t\000i\000o\000n}{section.4.29}% 156
\BOOKMARK [1][-]{section.4.30}{\376\377\000m\000a\000i\000n\000.\000O\000p\000t\000i\000o\000n\000a\000l\000I\000n\000p\000u\000t\000F\000i\000e\000l\000d\000\040\000C\000l\000a\000s\000s\000\040\000R\000e\000f\000e\000r\000e\000n\000c\000e}{chapter.4}% 157
\BOOKMARK [2][-]{subsection.4.30.1}{\376\377\000C\000o\000n\000s\000t\000r\000u\000c\000t\000o\000r\000\040\000\046\000\040\000D\000e\000s\000t\000r\000u\000c\000t\000o\000r\000\040\000D\000o\000c\000u\000m\000e\000n\000t\000a\000t\000i\000o\000n}{section.4.30}% 158
\BOOKMARK [3][-]{subsubsection.4.30.1.1}{\376\377\000\137\000\137\000i\000n\000i\000t\000\137\000\137}{subsection.4.30.1}% 159
\BOOKMARK [2][-]{subsection.4.30.2}{\376\377\000M\000e\000m\000b\000e\000r\000\040\000F\000u\000n\000c\000t\000i\000o\000n\000\040\000D\000o\000c\000u\000m\000e\000n\000t\000a\000t\000i\000o\000n}{section.4.30}% 160
\BOOKMARK [3][-]{subsubsection.4.30.2.1}{\376\377\000g\000e\000t\000C\000h\000e\000c\000k\000b\000o\000x\000S\000t\000a\000t\000e}{subsection.4.30.2}% 161
\BOOKMARK [3][-]{subsubsection.4.30.2.2}{\376\377\000v\000a\000l\000i\000d\000a\000t\000e\000F\000i\000e\000l\000d}{subsection.4.30.2}% 162
\BOOKMARK [1][-]{section.4.31}{\376\377\000S\000o\000l\000a\000r\000C\000a\000l\000c\000u\000l\000a\000t\000o\000r\000.\000A\000s\000s\000e\000t\000s\000.\000P\000V\000A\000r\000r\000a\000y\000\040\000C\000l\000a\000s\000s\000\040\000R\000e\000f\000e\000r\000e\000n\000c\000e}{chapter.4}% 163
\BOOKMARK [2][-]{subsection.4.31.1}{\376\377\000D\000e\000t\000a\000i\000l\000e\000d\000\040\000D\000e\000s\000c\000r\000i\000p\000t\000i\000o\000n}{section.4.31}% 164
\BOOKMARK [2][-]{subsection.4.31.2}{\376\377\000C\000o\000n\000s\000t\000r\000u\000c\000t\000o\000r\000\040\000\046\000\040\000D\000e\000s\000t\000r\000u\000c\000t\000o\000r\000\040\000D\000o\000c\000u\000m\000e\000n\000t\000a\000t\000i\000o\000n}{section.4.31}% 165
\BOOKMARK [3][-]{subsubsection.4.31.2.1}{\376\377\000\137\000\137\000i\000n\000i\000t\000\137\000\137}{subsection.4.31.2}% 166
\BOOKMARK [2][-]{subsection.4.31.3}{\376\377\000M\000e\000m\000b\000e\000r\000\040\000F\000u\000n\000c\000t\000i\000o\000n\000\040\000D\000o\000c\000u\000m\000e\000n\000t\000a\000t\000i\000o\000n}{section.4.31}% 167
\BOOKMARK [3][-]{subsubsection.4.31.3.1}{\376\377\000g\000e\000t\000A\000n\000g\000l\000e}{subsection.4.31.3}% 168
\BOOKMARK [3][-]{subsubsection.4.31.3.2}{\376\377\000g\000e\000t\000A\000r\000e\000a}{subsection.4.31.3}% 169
\BOOKMARK [3][-]{subsubsection.4.31.3.3}{\376\377\000g\000e\000t\000M\000o\000d\000u\000l\000e\000N\000u\000m}{subsection.4.31.3}% 170
\BOOKMARK [3][-]{subsubsection.4.31.3.4}{\376\377\000g\000e\000t\000M\000o\000d\000u\000l\000e\000T\000y\000p\000e}{subsection.4.31.3}% 171
\BOOKMARK [3][-]{subsubsection.4.31.3.5}{\376\377\000g\000e\000t\000V\000o\000l\000t\000a\000g\000e}{subsection.4.31.3}% 172
\BOOKMARK [1][-]{section.4.32}{\376\377\000S\000o\000l\000a\000r\000C\000a\000l\000c\000u\000l\000a\000t\000o\000r\000.\000A\000s\000s\000e\000t\000s\000.\000P\000V\000M\000o\000d\000u\000l\000e\000\040\000C\000l\000a\000s\000s\000\040\000R\000e\000f\000e\000r\000e\000n\000c\000e}{chapter.4}% 173
\BOOKMARK [2][-]{subsection.4.32.1}{\376\377\000D\000e\000t\000a\000i\000l\000e\000d\000\040\000D\000e\000s\000c\000r\000i\000p\000t\000i\000o\000n}{section.4.32}% 174
\BOOKMARK [2][-]{subsection.4.32.2}{\376\377\000C\000o\000n\000s\000t\000r\000u\000c\000t\000o\000r\000\040\000\046\000\040\000D\000e\000s\000t\000r\000u\000c\000t\000o\000r\000\040\000D\000o\000c\000u\000m\000e\000n\000t\000a\000t\000i\000o\000n}{section.4.32}% 175
\BOOKMARK [3][-]{subsubsection.4.32.2.1}{\376\377\000\137\000\137\000i\000n\000i\000t\000\137\000\137}{subsection.4.32.2}% 176
\BOOKMARK [2][-]{subsection.4.32.3}{\376\377\000M\000e\000m\000b\000e\000r\000\040\000F\000u\000n\000c\000t\000i\000o\000n\000\040\000D\000o\000c\000u\000m\000e\000n\000t\000a\000t\000i\000o\000n}{section.4.32}% 177
\BOOKMARK [3][-]{subsubsection.4.32.3.1}{\376\377\000g\000e\000t\000A\000r\000e\000a}{subsection.4.32.3}% 178
\BOOKMARK [3][-]{subsubsection.4.32.3.2}{\376\377\000g\000e\000t\000P\000a\000n\000e\000l\000N\000u\000m}{subsection.4.32.3}% 179
\BOOKMARK [3][-]{subsubsection.4.32.3.3}{\376\377\000g\000e\000t\000P\000a\000n\000e\000l\000T\000y\000p\000e}{subsection.4.32.3}% 180
\BOOKMARK [3][-]{subsubsection.4.32.3.4}{\376\377\000g\000e\000t\000V\000o\000l\000t\000a\000g\000e}{subsection.4.32.3}% 181
\BOOKMARK [1][-]{section.4.33}{\376\377\000S\000o\000l\000a\000r\000C\000a\000l\000c\000u\000l\000a\000t\000o\000r\000.\000A\000s\000s\000e\000t\000s\000.\000P\000V\000P\000a\000n\000e\000l\000\040\000C\000l\000a\000s\000s\000\040\000R\000e\000f\000e\000r\000e\000n\000c\000e}{chapter.4}% 182
\BOOKMARK [2][-]{subsection.4.33.1}{\376\377\000D\000e\000t\000a\000i\000l\000e\000d\000\040\000D\000e\000s\000c\000r\000i\000p\000t\000i\000o\000n}{section.4.33}% 183
\BOOKMARK [2][-]{subsection.4.33.2}{\376\377\000C\000o\000n\000s\000t\000r\000u\000c\000t\000o\000r\000\040\000\046\000\040\000D\000e\000s\000t\000r\000u\000c\000t\000o\000r\000\040\000D\000o\000c\000u\000m\000e\000n\000t\000a\000t\000i\000o\000n}{section.4.33}% 184
\BOOKMARK [3][-]{subsubsection.4.33.2.1}{\376\377\000\137\000\137\000i\000n\000i\000t\000\137\000\137}{subsection.4.33.2}% 185
\BOOKMARK [2][-]{subsection.4.33.3}{\376\377\000M\000e\000m\000b\000e\000r\000\040\000F\000u\000n\000c\000t\000i\000o\000n\000\040\000D\000o\000c\000u\000m\000e\000n\000t\000a\000t\000i\000o\000n}{section.4.33}% 186
\BOOKMARK [3][-]{subsubsection.4.33.3.1}{\376\377\000g\000e\000t\000A\000r\000e\000a}{subsection.4.33.3}% 187
\BOOKMARK [3][-]{subsubsection.4.33.3.2}{\376\377\000g\000e\000t\000D\000e\000g\000r\000a\000d\000a\000t\000i\000o\000n\000R\000a\000t\000e}{subsection.4.33.3}% 188
\BOOKMARK [3][-]{subsubsection.4.33.3.3}{\376\377\000g\000e\000t\000E\000f\000f\000i\000c\000i\000e\000n\000c\000y}{subsection.4.33.3}% 189
\BOOKMARK [3][-]{subsubsection.4.33.3.4}{\376\377\000g\000e\000t\000R\000a\000t\000i\000n\000g}{subsection.4.33.3}% 190
\BOOKMARK [3][-]{subsubsection.4.33.3.5}{\376\377\000g\000e\000t\000V\000o\000l\000t\000a\000g\000e}{subsection.4.33.3}% 191
\BOOKMARK [1][-]{section.4.34}{\376\377\000S\000o\000l\000a\000r\000C\000a\000l\000c\000u\000l\000a\000t\000o\000r\000.\000U\000t\000i\000l\000s\000.\000P\000y\000E\000x\000c\000h\000a\000n\000g\000e\000R\000a\000t\000e\000s\000.\000S\000i\000m\000p\000l\000e\000O\000b\000j\000e\000c\000t\000E\000n\000c\000o\000d\000e\000r\000\040\000C\000l\000a\000s\000s\000\040\000R\000e\000f\000e\000r\000e\000n\000c\000e}{chapter.4}% 192
\BOOKMARK [2][-]{subsection.4.34.1}{\376\377\000D\000e\000t\000a\000i\000l\000e\000d\000\040\000D\000e\000s\000c\000r\000i\000p\000t\000i\000o\000n}{section.4.34}% 193
\BOOKMARK [1][-]{section.4.35}{\376\377\000S\000o\000l\000a\000r\000C\000a\000l\000c\000u\000l\000a\000t\000o\000r\000.\000S\000i\000m\000u\000l\000a\000t\000i\000o\000n\000.\000S\000i\000m\000u\000l\000a\000t\000i\000o\000n\000\040\000C\000l\000a\000s\000s\000\040\000R\000e\000f\000e\000r\000e\000n\000c\000e}{chapter.4}% 194
\BOOKMARK [2][-]{subsection.4.35.1}{\376\377\000D\000e\000t\000a\000i\000l\000e\000d\000\040\000D\000e\000s\000c\000r\000i\000p\000t\000i\000o\000n}{section.4.35}% 195
\BOOKMARK [2][-]{subsection.4.35.2}{\376\377\000C\000o\000n\000s\000t\000r\000u\000c\000t\000o\000r\000\040\000\046\000\040\000D\000e\000s\000t\000r\000u\000c\000t\000o\000r\000\040\000D\000o\000c\000u\000m\000e\000n\000t\000a\000t\000i\000o\000n}{section.4.35}% 196
\BOOKMARK [3][-]{subsubsection.4.35.2.1}{\376\377\000\137\000\137\000i\000n\000i\000t\000\137\000\137}{subsection.4.35.2}% 197
\BOOKMARK [2][-]{subsection.4.35.3}{\376\377\000M\000e\000m\000b\000e\000r\000\040\000F\000u\000n\000c\000t\000i\000o\000n\000\040\000D\000o\000c\000u\000m\000e\000n\000t\000a\000t\000i\000o\000n}{section.4.35}% 198
\BOOKMARK [3][-]{subsubsection.4.35.3.1}{\376\377\000g\000e\000t\000F\000i\000n\000a\000n\000c\000i\000a\000l\000R\000e\000s\000u\000l\000t\000s}{subsection.4.35.3}% 199
\BOOKMARK [3][-]{subsubsection.4.35.3.2}{\376\377\000g\000e\000t\000P\000o\000w\000e\000r\000P\000r\000o\000g\000r\000e\000s\000s}{subsection.4.35.3}% 200
\BOOKMARK [3][-]{subsubsection.4.35.3.3}{\376\377\000g\000e\000t\000P\000o\000w\000e\000r\000R\000e\000s\000u\000l\000t\000s}{subsection.4.35.3}% 201
\BOOKMARK [3][-]{subsubsection.4.35.3.4}{\376\377\000r\000u\000n\000F\000i\000n\000a\000n\000c\000i\000a\000l}{subsection.4.35.3}% 202
\BOOKMARK [3][-]{subsubsection.4.35.3.5}{\376\377\000r\000u\000n\000P\000o\000w\000e\000r}{subsection.4.35.3}% 203
\BOOKMARK [1][-]{section.4.36}{\376\377\000S\000i\000m\000u\000l\000a\000t\000i\000o\000n\000.\000S\000i\000m\000u\000l\000a\000t\000i\000o\000n\000\040\000C\000l\000a\000s\000s\000\040\000R\000e\000f\000e\000r\000e\000n\000c\000e}{chapter.4}% 204
\BOOKMARK [2][-]{subsection.4.36.1}{\376\377\000D\000e\000t\000a\000i\000l\000e\000d\000\040\000D\000e\000s\000c\000r\000i\000p\000t\000i\000o\000n}{section.4.36}% 205
\BOOKMARK [2][-]{subsection.4.36.2}{\376\377\000C\000o\000n\000s\000t\000r\000u\000c\000t\000o\000r\000\040\000\046\000\040\000D\000e\000s\000t\000r\000u\000c\000t\000o\000r\000\040\000D\000o\000c\000u\000m\000e\000n\000t\000a\000t\000i\000o\000n}{section.4.36}% 206
\BOOKMARK [3][-]{subsubsection.4.36.2.1}{\376\377\000\137\000\137\000i\000n\000i\000t\000\137\000\137}{subsection.4.36.2}% 207
\BOOKMARK [2][-]{subsection.4.36.3}{\376\377\000M\000e\000m\000b\000e\000r\000\040\000F\000u\000n\000c\000t\000i\000o\000n\000\040\000D\000o\000c\000u\000m\000e\000n\000t\000a\000t\000i\000o\000n}{section.4.36}% 208
\BOOKMARK [3][-]{subsubsection.4.36.3.1}{\376\377\000g\000e\000t\000F\000i\000n\000a\000n\000c\000i\000a\000l\000R\000e\000s\000u\000l\000t\000s}{subsection.4.36.3}% 209
\BOOKMARK [3][-]{subsubsection.4.36.3.2}{\376\377\000g\000e\000t\000P\000o\000w\000e\000r\000P\000r\000o\000g\000r\000e\000s\000s}{subsection.4.36.3}% 210
\BOOKMARK [3][-]{subsubsection.4.36.3.3}{\376\377\000g\000e\000t\000P\000o\000w\000e\000r\000R\000e\000s\000u\000l\000t\000s}{subsection.4.36.3}% 211
\BOOKMARK [3][-]{subsubsection.4.36.3.4}{\376\377\000r\000u\000n\000F\000i\000n\000a\000n\000c\000i\000a\000l}{subsection.4.36.3}% 212
\BOOKMARK [3][-]{subsubsection.4.36.3.5}{\376\377\000r\000u\000n\000P\000o\000w\000e\000r}{subsection.4.36.3}% 213
\BOOKMARK [1][-]{section.4.37}{\376\377\000S\000i\000m\000u\000l\000a\000t\000i\000o\000n\000.\000S\000i\000m\000u\000l\000a\000t\000i\000o\000n\000D\000a\000y\000\040\000C\000l\000a\000s\000s\000\040\000R\000e\000f\000e\000r\000e\000n\000c\000e}{chapter.4}% 214
\BOOKMARK [2][-]{subsection.4.37.1}{\376\377\000D\000e\000t\000a\000i\000l\000e\000d\000\040\000D\000e\000s\000c\000r\000i\000p\000t\000i\000o\000n}{section.4.37}% 215
\BOOKMARK [2][-]{subsection.4.37.2}{\376\377\000M\000e\000m\000b\000e\000r\000\040\000F\000u\000n\000c\000t\000i\000o\000n\000\040\000D\000o\000c\000u\000m\000e\000n\000t\000a\000t\000i\000o\000n}{section.4.37}% 216
\BOOKMARK [3][-]{subsubsection.4.37.2.1}{\376\377\000g\000e\000t\000E\000l\000e\000c\000t\000r\000i\000c\000a\000l\000E\000f\000f\000c\000i\000e\000n\000c\000y}{subsection.4.37.2}% 217
\BOOKMARK [3][-]{subsubsection.4.37.2.2}{\376\377\000g\000e\000t\000E\000l\000e\000c\000t\000r\000i\000c\000a\000l\000E\000n\000e\000r\000g\000y}{subsection.4.37.2}% 218
\BOOKMARK [3][-]{subsubsection.4.37.2.3}{\376\377\000g\000e\000t\000T\000o\000t\000a\000l\000E\000f\000f\000c\000i\000e\000n\000c\000y}{subsection.4.37.2}% 219
\BOOKMARK [3][-]{subsubsection.4.37.2.4}{\376\377\000s\000e\000t\000E\000l\000e\000c\000t\000r\000i\000c\000a\000l\000E\000f\000f\000c\000i\000e\000n\000c\000y}{subsection.4.37.2}% 220
\BOOKMARK [3][-]{subsubsection.4.37.2.5}{\376\377\000s\000e\000t\000E\000l\000e\000c\000t\000r\000i\000c\000a\000l\000E\000n\000e\000r\000g\000y}{subsection.4.37.2}% 221
\BOOKMARK [3][-]{subsubsection.4.37.2.6}{\376\377\000s\000e\000t\000T\000o\000t\000a\000l\000E\000f\000f\000c\000i\000e\000n\000c\000y}{subsection.4.37.2}% 222
\BOOKMARK [1][-]{section.4.38}{\376\377\000S\000o\000l\000a\000r\000C\000a\000l\000c\000u\000l\000a\000t\000o\000r\000.\000S\000i\000m\000u\000l\000a\000t\000i\000o\000n\000.\000S\000i\000m\000u\000l\000a\000t\000i\000o\000n\000D\000a\000y\000\040\000C\000l\000a\000s\000s\000\040\000R\000e\000f\000e\000r\000e\000n\000c\000e}{chapter.4}% 223
\BOOKMARK [2][-]{subsection.4.38.1}{\376\377\000D\000e\000t\000a\000i\000l\000e\000d\000\040\000D\000e\000s\000c\000r\000i\000p\000t\000i\000o\000n}{section.4.38}% 224
\BOOKMARK [2][-]{subsection.4.38.2}{\376\377\000M\000e\000m\000b\000e\000r\000\040\000F\000u\000n\000c\000t\000i\000o\000n\000\040\000D\000o\000c\000u\000m\000e\000n\000t\000a\000t\000i\000o\000n}{section.4.38}% 225
\BOOKMARK [3][-]{subsubsection.4.38.2.1}{\376\377\000g\000e\000t\000E\000l\000e\000c\000t\000r\000i\000c\000a\000l\000E\000f\000f\000c\000i\000e\000n\000c\000y}{subsection.4.38.2}% 226
\BOOKMARK [3][-]{subsubsection.4.38.2.2}{\376\377\000g\000e\000t\000E\000l\000e\000c\000t\000r\000i\000c\000a\000l\000E\000n\000e\000r\000g\000y}{subsection.4.38.2}% 227
\BOOKMARK [3][-]{subsubsection.4.38.2.3}{\376\377\000g\000e\000t\000T\000o\000t\000a\000l\000E\000f\000f\000c\000i\000e\000n\000c\000y}{subsection.4.38.2}% 228
\BOOKMARK [3][-]{subsubsection.4.38.2.4}{\376\377\000s\000e\000t\000E\000l\000e\000c\000t\000r\000i\000c\000a\000l\000E\000f\000f\000c\000i\000e\000n\000c\000y}{subsection.4.38.2}% 229
\BOOKMARK [3][-]{subsubsection.4.38.2.5}{\376\377\000s\000e\000t\000E\000l\000e\000c\000t\000r\000i\000c\000a\000l\000E\000n\000e\000r\000g\000y}{subsection.4.38.2}% 230
\BOOKMARK [3][-]{subsubsection.4.38.2.6}{\376\377\000s\000e\000t\000T\000o\000t\000a\000l\000E\000f\000f\000c\000i\000e\000n\000c\000y}{subsection.4.38.2}% 231
\BOOKMARK [1][-]{section.4.39}{\376\377\000S\000o\000l\000a\000r\000C\000a\000l\000c\000u\000l\000a\000t\000o\000r\000.\000G\000U\000I\000.\000S\000i\000m\000u\000l\000a\000t\000i\000o\000n\000R\000e\000s\000u\000l\000t\000s\000\040\000C\000l\000a\000s\000s\000\040\000R\000e\000f\000e\000r\000e\000n\000c\000e}{chapter.4}% 232
\BOOKMARK [2][-]{subsection.4.39.1}{\376\377\000D\000e\000t\000a\000i\000l\000e\000d\000\040\000D\000e\000s\000c\000r\000i\000p\000t\000i\000o\000n}{section.4.39}% 233
\BOOKMARK [1][-]{section.4.40}{\376\377\000S\000o\000l\000a\000r\000C\000a\000l\000c\000u\000l\000a\000t\000o\000r\000.\000A\000s\000s\000e\000t\000s\000.\000S\000i\000t\000e\000\040\000C\000l\000a\000s\000s\000\040\000R\000e\000f\000e\000r\000e\000n\000c\000e}{chapter.4}% 234
\BOOKMARK [2][-]{subsection.4.40.1}{\376\377\000D\000e\000t\000a\000i\000l\000e\000d\000\040\000D\000e\000s\000c\000r\000i\000p\000t\000i\000o\000n}{section.4.40}% 235
\BOOKMARK [2][-]{subsection.4.40.2}{\376\377\000C\000o\000n\000s\000t\000r\000u\000c\000t\000o\000r\000\040\000\046\000\040\000D\000e\000s\000t\000r\000u\000c\000t\000o\000r\000\040\000D\000o\000c\000u\000m\000e\000n\000t\000a\000t\000i\000o\000n}{section.4.40}% 236
\BOOKMARK [3][-]{subsubsection.4.40.2.1}{\376\377\000\137\000\137\000i\000n\000i\000t\000\137\000\137}{subsection.4.40.2}% 237
\BOOKMARK [2][-]{subsection.4.40.3}{\376\377\000M\000e\000m\000b\000e\000r\000\040\000F\000u\000n\000c\000t\000i\000o\000n\000\040\000D\000o\000c\000u\000m\000e\000n\000t\000a\000t\000i\000o\000n}{section.4.40}% 238
\BOOKMARK [3][-]{subsubsection.4.40.3.1}{\376\377\000g\000e\000t\000A\000r\000r\000a\000y\000N\000u\000m}{subsection.4.40.3}% 239
\BOOKMARK [3][-]{subsubsection.4.40.3.2}{\376\377\000g\000e\000t\000C\000i\000r\000c\000u\000i\000t\000B\000r\000e\000a\000k\000e\000r\000N\000u\000m}{subsection.4.40.3}% 240
\BOOKMARK [3][-]{subsubsection.4.40.3.3}{\376\377\000g\000e\000t\000I\000n\000v\000e\000r\000t\000e\000r\000N\000u\000m}{subsection.4.40.3}% 241
\BOOKMARK [3][-]{subsubsection.4.40.3.4}{\376\377\000g\000e\000t\000L\000a\000t\000i\000t\000u\000d\000e}{subsection.4.40.3}% 242
\BOOKMARK [3][-]{subsubsection.4.40.3.5}{\376\377\000g\000e\000t\000L\000o\000n\000g\000i\000t\000u\000d\000e}{subsection.4.40.3}% 243
\BOOKMARK [3][-]{subsubsection.4.40.3.6}{\376\377\000g\000e\000t\000T\000e\000m\000p\000e\000r\000a\000t\000u\000r\000e}{subsection.4.40.3}% 244
\BOOKMARK [3][-]{subsubsection.4.40.3.7}{\376\377\000g\000e\000t\000T\000r\000a\000n\000s\000f\000o\000r\000m\000e\000r\000N\000u\000m}{subsection.4.40.3}% 245
\BOOKMARK [1][-]{section.4.41}{\376\377\000m\000a\000i\000n\000.\000S\000o\000l\000a\000r\000F\000a\000r\000m\000C\000a\000l\000c\000u\000l\000a\000t\000o\000r\000\040\000C\000l\000a\000s\000s\000\040\000R\000e\000f\000e\000r\000e\000n\000c\000e}{chapter.4}% 246
\BOOKMARK [2][-]{subsection.4.41.1}{\376\377\000C\000o\000n\000s\000t\000r\000u\000c\000t\000o\000r\000\040\000\046\000\040\000D\000e\000s\000t\000r\000u\000c\000t\000o\000r\000\040\000D\000o\000c\000u\000m\000e\000n\000t\000a\000t\000i\000o\000n}{section.4.41}% 247
\BOOKMARK [3][-]{subsubsection.4.41.1.1}{\376\377\000\137\000\137\000i\000n\000i\000t\000\137\000\137}{subsection.4.41.1}% 248
\BOOKMARK [2][-]{subsection.4.41.2}{\376\377\000M\000e\000m\000b\000e\000r\000\040\000F\000u\000n\000c\000t\000i\000o\000n\000\040\000D\000o\000c\000u\000m\000e\000n\000t\000a\000t\000i\000o\000n}{section.4.41}% 249
\BOOKMARK [3][-]{subsubsection.4.41.2.1}{\376\377\000e\000v\000t\000\137\000c\000a\000l\000c\000u\000l\000a\000t\000e\000T\000X\000C\000a\000b\000l\000e\000L\000e\000n\000g\000t\000h\000\137\000c\000h\000e\000c\000k\000e\000d}{subsection.4.41.2}% 250
\BOOKMARK [3][-]{subsubsection.4.41.2.2}{\376\377\000e\000v\000t\000\137\000c\000l\000o\000s\000e\000A\000p\000p\000\137\000c\000l\000i\000c\000k\000e\000d}{subsection.4.41.2}% 251
\BOOKMARK [3][-]{subsubsection.4.41.2.3}{\376\377\000e\000v\000t\000\137\000r\000u\000n\000S\000i\000m\000u\000l\000a\000t\000i\000o\000n\000\137\000c\000l\000i\000c\000k\000e\000d}{subsection.4.41.2}% 252
\BOOKMARK [1][-]{section.4.42}{\376\377\000S\000i\000m\000u\000l\000a\000t\000i\000o\000n\000.\000t\000h\000r\000e\000a\000d\000\137\000S\000i\000m\000u\000l\000a\000t\000e\000D\000a\000y\000\040\000C\000l\000a\000s\000s\000\040\000R\000e\000f\000e\000r\000e\000n\000c\000e}{chapter.4}% 253
\BOOKMARK [2][-]{subsection.4.42.1}{\376\377\000C\000o\000n\000s\000t\000r\000u\000c\000t\000o\000r\000\040\000\046\000\040\000D\000e\000s\000t\000r\000u\000c\000t\000o\000r\000\040\000D\000o\000c\000u\000m\000e\000n\000t\000a\000t\000i\000o\000n}{section.4.42}% 254
\BOOKMARK [3][-]{subsubsection.4.42.1.1}{\376\377\000\137\000\137\000i\000n\000i\000t\000\137\000\137}{subsection.4.42.1}% 255
\BOOKMARK [1][-]{section.4.43}{\376\377\000S\000o\000l\000a\000r\000C\000a\000l\000c\000u\000l\000a\000t\000o\000r\000.\000S\000i\000m\000u\000l\000a\000t\000i\000o\000n\000.\000t\000h\000r\000e\000a\000d\000\137\000S\000i\000m\000u\000l\000a\000t\000e\000D\000a\000y\000\040\000C\000l\000a\000s\000s\000\040\000R\000e\000f\000e\000r\000e\000n\000c\000e}{chapter.4}% 256
\BOOKMARK [2][-]{subsection.4.43.1}{\376\377\000C\000o\000n\000s\000t\000r\000u\000c\000t\000o\000r\000\040\000\046\000\040\000D\000e\000s\000t\000r\000u\000c\000t\000o\000r\000\040\000D\000o\000c\000u\000m\000e\000n\000t\000a\000t\000i\000o\000n}{section.4.43}% 257
\BOOKMARK [3][-]{subsubsection.4.43.1.1}{\376\377\000\137\000\137\000i\000n\000i\000t\000\137\000\137}{subsection.4.43.1}% 258
\BOOKMARK [1][-]{section.4.44}{\376\377\000S\000o\000l\000a\000r\000C\000a\000l\000c\000u\000l\000a\000t\000o\000r\000.\000A\000s\000s\000e\000t\000s\000.\000T\000r\000a\000n\000s\000f\000o\000r\000m\000e\000r\000\040\000C\000l\000a\000s\000s\000\040\000R\000e\000f\000e\000r\000e\000n\000c\000e}{chapter.4}% 259
\BOOKMARK [2][-]{subsection.4.44.1}{\376\377\000D\000e\000t\000a\000i\000l\000e\000d\000\040\000D\000e\000s\000c\000r\000i\000p\000t\000i\000o\000n}{section.4.44}% 260
\BOOKMARK [2][-]{subsection.4.44.2}{\376\377\000C\000o\000n\000s\000t\000r\000u\000c\000t\000o\000r\000\040\000\046\000\040\000D\000e\000s\000t\000r\000u\000c\000t\000o\000r\000\040\000D\000o\000c\000u\000m\000e\000n\000t\000a\000t\000i\000o\000n}{section.4.44}% 261
\BOOKMARK [3][-]{subsubsection.4.44.2.1}{\376\377\000\137\000\137\000i\000n\000i\000t\000\137\000\137}{subsection.4.44.2}% 262
\BOOKMARK [2][-]{subsection.4.44.3}{\376\377\000M\000e\000m\000b\000e\000r\000\040\000F\000u\000n\000c\000t\000i\000o\000n\000\040\000D\000o\000c\000u\000m\000e\000n\000t\000a\000t\000i\000o\000n}{section.4.44}% 263
\BOOKMARK [3][-]{subsubsection.4.44.3.1}{\376\377\000g\000e\000t\000E\000f\000f\000i\000c\000i\000e\000n\000c\000y}{subsection.4.44.3}% 264
\BOOKMARK [3][-]{subsubsection.4.44.3.2}{\376\377\000g\000e\000t\000S\000c\000r\000a\000p\000V\000a\000l\000u\000e}{subsection.4.44.3}% 265
\BOOKMARK [3][-]{subsubsection.4.44.3.3}{\376\377\000g\000e\000t\000V\000A\000R\000a\000t\000i\000n\000g}{subsection.4.44.3}% 266
\BOOKMARK [3][-]{subsubsection.4.44.3.4}{\376\377\000g\000e\000t\000V\000o\000l\000t\000a\000g\000e}{subsection.4.44.3}% 267
\BOOKMARK [-1][-]{subsubsection.4.44.3.4}{\376\377\000I\000n\000d\000e\000x}{}% 268
